<?xml version="1.0" encoding="UTF-8"?>
<testng-results skipped="0" failed="0" total="1" passed="1">
  <reporter-output>
  </reporter-output>
  <suite name="Web Regression Suite" duration-ms="106135" started-at="2019-04-19T16:13:37Z" finished-at="2019-04-19T16:15:23Z">
    <groups>
    </groups>
    <test name="Java Test Suite" duration-ms="106135" started-at="2019-04-19T16:13:37Z" finished-at="2019-04-19T16:15:23Z">
      <class name="com.tests.BasicExecution">
        <test-method status="PASS" signature="BasicFlow()[pri:0, instance:com.tests.BasicExecution@47c62251]" name="BasicFlow" duration-ms="102190" started-at="2019-04-19T21:43:38Z" description="A basic End to End Flow" finished-at="2019-04-19T21:45:20Z">
          <reporter-output>
          </reporter-output>
        </test-method> <!-- BasicFlow -->
      </class> <!-- com.tests.BasicExecution -->
    </test> <!-- Java Test Suite -->
  </suite> <!-- Web Regression Suite -->
</testng-results>
